<?xml version="1.0" encoding="UTF-8"?>
<!-- Generated by org.testng.reporters.JUnitReportReporter -->
<testsuite skipped="0" hostname="M5290478" name="remoteTest.DockerValidation.ChromeTest3" tests="1" failures="0" timestamp="2023-01-14T18:25:54 IST" time="17.425" errors="0">
  <testcase name="test1" time="17.425" classname="remoteTest.DockerValidation.ChromeTest3"/>
  <system-out/>
</testsuite> <!-- remoteTest.DockerValidation.ChromeTest3 -->
