<?xml version="1.0" encoding="UTF-8"?>
<!-- Generated by org.testng.reporters.JUnitReportReporter -->
<testsuite skipped="0" hostname="M5290478" name="remoteTest.DockerValidation.StartDocker" tests="1" failures="0" timestamp="2023-01-07T13:27:33 IST" time="15.888" errors="0">
  <testcase name="startBatFile" time="15.888" classname="remoteTest.DockerValidation.StartDocker"/>
  <system-out/>
</testsuite> <!-- remoteTest.DockerValidation.StartDocker -->
