<?xml version="1.0" encoding="UTF-8"?>
<!-- Generated by org.testng.reporters.JUnitReportReporter -->
<testsuite skipped="0" hostname="M5290478" name="remoteTest.DockerValidation.ChromeTest2" tests="1" failures="0" timestamp="13 Jan 2023 11:31:02 GMT" time="21.849" errors="0">
  <testcase name="test1" time="21.849" classname="remoteTest.DockerValidation.ChromeTest2"/>
</testsuite> <!-- remoteTest.DockerValidation.ChromeTest2 -->
