<?xml version="1.0" encoding="UTF-8"?>
<!-- Generated by org.testng.reporters.JUnitReportReporter -->
<testsuite skipped="0" hostname="M5290478" name="remoteTest.DockerValidation.ChromeTest3" tests="1" failures="0" timestamp="13 Jan 2023 11:31:02 GMT" time="17.604" errors="0">
  <testcase name="test1" time="17.604" classname="remoteTest.DockerValidation.ChromeTest3"/>
</testsuite> <!-- remoteTest.DockerValidation.ChromeTest3 -->
