<?xml version="1.0" encoding="UTF-8"?>
<!-- Generated by org.testng.reporters.JUnitReportReporter -->
<testsuite skipped="0" hostname="M5290478" name="remoteTest.DockerValidation.AppTest" tests="1" failures="0" timestamp="13 Jan 2023 11:12:07 GMT" time="0.016" errors="0">
  <testcase name="shouldAnswerWithTrue" time="0.016" classname="remoteTest.DockerValidation.AppTest"/>
</testsuite> <!-- remoteTest.DockerValidation.AppTest -->
